Traceback (most recent call last):
  File "<frozen runpy>", line 198, in _run_module_as_main
  File "<frozen runpy>", line 88, in _run_code
  File "/mnt/petrelfs/zhangdi1/lijunxian/InternVL/internvl_chat_llava/llava/serve/gradio_web_server.py", line 7, in <module>
    import gradio as gr
  File "/mnt/petrelfs/zhangdi1/miniforge3/envs/internvl/lib/python3.11/site-packages/gradio/__init__.py", line 3, in <module>
    import gradio.components as components
  File "/mnt/petrelfs/zhangdi1/miniforge3/envs/internvl/lib/python3.11/site-packages/gradio/components/__init__.py", line 1, in <module>
    from gradio.components.annotated_image import AnnotatedImage
  File "/mnt/petrelfs/zhangdi1/miniforge3/envs/internvl/lib/python3.11/site-packages/gradio/components/annotated_image.py", line 14, in <module>
    from gradio.components.base import IOComponent, _Keywords
  File "/mnt/petrelfs/zhangdi1/miniforge3/envs/internvl/lib/python3.11/site-packages/gradio/components/base.py", line 21, in <module>
    from fastapi import UploadFile
  File "/mnt/petrelfs/zhangdi1/miniforge3/envs/internvl/lib/python3.11/site-packages/fastapi/__init__.py", line 7, in <module>
    from .applications import FastAPI as FastAPI
  File "/mnt/petrelfs/zhangdi1/miniforge3/envs/internvl/lib/python3.11/site-packages/fastapi/applications.py", line 16, in <module>
    from fastapi import routing
  File "/mnt/petrelfs/zhangdi1/miniforge3/envs/internvl/lib/python3.11/site-packages/fastapi/routing.py", line 22, in <module>
    from fastapi import params
  File "/mnt/petrelfs/zhangdi1/miniforge3/envs/internvl/lib/python3.11/site-packages/fastapi/params.py", line 5, in <module>
    from fastapi.openapi.models import Example
  File "/mnt/petrelfs/zhangdi1/miniforge3/envs/internvl/lib/python3.11/site-packages/fastapi/openapi/models.py", line 124, in <module>
    class Schema(BaseModelWithConfig):
  File "/mnt/petrelfs/zhangdi1/miniforge3/envs/internvl/lib/python3.11/site-packages/pydantic/main.py", line 291, in __new__
    cls.__signature__ = ClassAttribute('__signature__', generate_model_signature(cls.__init__, fields, config))
                                                        ^^^^^^^^^^^^^^^^^^^^^^^^^^^^^^^^^^^^^^^^^^^^^^^^^^^^^^
  File "/mnt/petrelfs/zhangdi1/miniforge3/envs/internvl/lib/python3.11/site-packages/pydantic/utils.py", line 256, in generate_model_signature
    merged_params[param_name] = Parameter(
                                ^^^^^^^^^^
  File "/mnt/petrelfs/zhangdi1/miniforge3/envs/internvl/lib/python3.11/inspect.py", line 2708, in __init__
    raise ValueError('{!r} is not a valid parameter name'.format(name))
ValueError: 'not' is not a valid parameter name
