Traceback (most recent call last):
  File "/mnt/petrelfs/zhangdi1/miniforge3/lib/python3.10/runpy.py", line 187, in _run_module_as_main
    mod_name, mod_spec, code = _get_module_details(mod_name, _Error)
  File "/mnt/petrelfs/zhangdi1/miniforge3/lib/python3.10/runpy.py", line 110, in _get_module_details
    __import__(pkg_name)
  File "/mnt/petrelfs/zhangdi1/lijunxian/InternVL/internvl_chat_llava/llava/__init__.py", line 1, in <module>
    from .model import LlavaLlamaForCausalLM
  File "/mnt/petrelfs/zhangdi1/lijunxian/InternVL/internvl_chat_llava/llava/model/__init__.py", line 1, in <module>
    from .language_model.llava_llama import LlavaLlamaForCausalLM, LlavaConfig
  File "/mnt/petrelfs/zhangdi1/lijunxian/InternVL/internvl_chat_llava/llava/model/language_model/llava_llama.py", line 27, in <module>
    from ..llava_arch import LlavaMetaModel, LlavaMetaForCausalLM
  File "/mnt/petrelfs/zhangdi1/lijunxian/InternVL/internvl_chat_llava/llava/model/llava_arch.py", line 21, in <module>
    from .multimodal_encoder.builder import build_vision_tower
  File "/mnt/petrelfs/zhangdi1/lijunxian/InternVL/internvl_chat_llava/llava/model/multimodal_encoder/builder.py", line 2, in <module>
    from .clip_encoder import CLIPVisionTower
  File "/mnt/petrelfs/zhangdi1/lijunxian/InternVL/internvl_chat_llava/llava/model/multimodal_encoder/clip_encoder.py", line 10, in <module>
    from .intern_vit_6b.modeling_intern_vit import InternVisionModel
  File "/mnt/petrelfs/zhangdi1/lijunxian/InternVL/internvl_chat_llava/llava/model/multimodal_encoder/intern_vit_6b/modeling_intern_vit.py", line 12, in <module>
    from timm.models.layers import DropPath
ModuleNotFoundError: No module named 'timm'
