2024-05-31 16:21:38 | INFO | model_worker | args: Namespace(host='0.0.0.0', port=1001, worker_address='http://10.140.24.108:1001', controller_address='http://10.140.24.69:10010', model_path='/mnt/hwfile/ai4chem/share/multimodal-exam/internvl_chemllm-mlp_augmented_lr_1e-5', model_base=None, model_name='5.31', device='auto', multi_modal=False, limit_model_concurrency=5, stream_interval=1, no_register=False, load_8bit=False, load_4bit=False)
2024-05-31 16:21:38 | INFO | model_worker | Loading the model 5.31 on worker 3e5637 ...
Special tokens have been added in the vocabulary, make sure the associated word embeddings are fine-tuned or trained.
2024-05-31 16:21:38 | INFO | internvl.model.internvl_chat.configuration_internvl_chat | vision_select_layer: -1
2024-05-31 16:21:38 | INFO | internvl.model.internvl_chat.configuration_internvl_chat | ps_version: v1
2024-05-31 16:21:38 | INFO | internvl.model.internvl_chat.configuration_internvl_chat | min_dynamic_patch: 1
2024-05-31 16:21:38 | INFO | internvl.model.internvl_chat.configuration_internvl_chat | max_dynamic_patch: 6
2024-05-31 16:21:38 | INFO | internvl.model.internvl_chat.modeling_internvl_chat | num_image_token: 256
2024-05-31 16:21:38 | INFO | internvl.model.internvl_chat.modeling_internvl_chat | ps_version: v1
2024-05-31 16:21:43 | ERROR | stderr | Loading checkpoint shards:   0%|          | 0/11 [00:00<?, ?it/s]
2024-05-31 16:21:58 | ERROR | stderr | Loading checkpoint shards:   9%|▉         | 1/11 [00:14<02:24, 14.43s/it]
2024-05-31 16:22:13 | ERROR | stderr | Loading checkpoint shards:  18%|█▊        | 2/11 [00:29<02:11, 14.67s/it]
2024-05-31 16:22:24 | ERROR | stderr | Loading checkpoint shards:  27%|██▋       | 3/11 [00:40<01:46, 13.28s/it]
2024-05-31 16:22:36 | ERROR | stderr | Loading checkpoint shards:  36%|███▋      | 4/11 [00:52<01:28, 12.66s/it]
2024-05-31 16:22:47 | ERROR | stderr | Loading checkpoint shards:  45%|████▌     | 5/11 [01:04<01:13, 12.24s/it]
2024-05-31 16:23:00 | ERROR | stderr | Loading checkpoint shards:  55%|█████▍    | 6/11 [01:16<01:01, 12.23s/it]
2024-05-31 16:23:11 | ERROR | stderr | Loading checkpoint shards:  64%|██████▎   | 7/11 [01:27<00:48, 12.03s/it]
2024-05-31 16:23:23 | ERROR | stderr | Loading checkpoint shards:  73%|███████▎  | 8/11 [01:39<00:35, 11.85s/it]
2024-05-31 16:23:34 | ERROR | stderr | Loading checkpoint shards:  82%|████████▏ | 9/11 [01:51<00:23, 11.82s/it]
2024-05-31 16:23:46 | ERROR | stderr | Loading checkpoint shards:  91%|█████████ | 10/11 [02:02<00:11, 11.76s/it]
2024-05-31 16:23:50 | ERROR | stderr | Loading checkpoint shards: 100%|██████████| 11/11 [02:06<00:00,  9.41s/it]
2024-05-31 16:23:50 | ERROR | stderr | Loading checkpoint shards: 100%|██████████| 11/11 [02:06<00:00, 11.53s/it]
2024-05-31 16:23:50 | ERROR | stderr | 
2024-05-31 16:23:51 | INFO | model_worker | Register to controller
2024-05-31 16:23:51 | ERROR | stderr | INFO:     Started server process [211160]
2024-05-31 16:23:51 | ERROR | stderr | INFO:     Waiting for application startup.
2024-05-31 16:23:51 | ERROR | stderr | INFO:     Application startup complete.
2024-05-31 16:23:51 | ERROR | stderr | ERROR:    [Errno 13] error while attempting to bind on address ('0.0.0.0', 1001): permission denied
2024-05-31 16:23:51 | ERROR | stderr | INFO:     Waiting for application shutdown.
2024-05-31 16:23:51 | ERROR | stderr | INFO:     Application shutdown complete.
2024-05-31 16:24:06 | INFO | model_worker | Send heart beat. Models: ['5.31']. Semaphore: None. global_counter: 0
2024-05-31 16:24:21 | INFO | model_worker | Send heart beat. Models: ['5.31']. Semaphore: None. global_counter: 0
2024-05-31 16:24:36 | INFO | model_worker | Send heart beat. Models: ['5.31']. Semaphore: None. global_counter: 0
2024-05-31 16:24:51 | INFO | model_worker | Send heart beat. Models: ['5.31']. Semaphore: None. global_counter: 0
2024-05-31 16:24:51 | INFO | model_worker | Register to controller
2024-05-31 16:25:06 | INFO | model_worker | Send heart beat. Models: ['5.31']. Semaphore: None. global_counter: 0
2024-05-31 16:25:21 | INFO | model_worker | Send heart beat. Models: ['5.31']. Semaphore: None. global_counter: 0
2024-05-31 16:25:36 | INFO | model_worker | Send heart beat. Models: ['5.31']. Semaphore: None. global_counter: 0
2024-05-31 16:25:51 | INFO | model_worker | Send heart beat. Models: ['5.31']. Semaphore: None. global_counter: 0
2024-05-31 16:25:51 | INFO | model_worker | Register to controller
2024-05-31 16:26:06 | INFO | model_worker | Send heart beat. Models: ['5.31']. Semaphore: None. global_counter: 0
2024-05-31 16:26:06 | INFO | model_worker | Register to controller
2024-05-31 16:26:21 | INFO | model_worker | Send heart beat. Models: ['5.31']. Semaphore: None. global_counter: 0
2024-05-31 16:26:36 | INFO | model_worker | Send heart beat. Models: ['5.31']. Semaphore: None. global_counter: 0
2024-05-31 16:26:51 | INFO | model_worker | Send heart beat. Models: ['5.31']. Semaphore: None. global_counter: 0
slurmstepd: error: *** JOB 3520915 ON SH-IDC1-10-140-24-108 CANCELLED AT 2024-05-31T16:26:57 ***
