which: no fi_info in (/mnt/petrelfs/zhangdi1/.vscode-server/cli/servers/Stable-5c3e652f63e798a5ac2f31ffd0d863669328dc4c/server/bin/remote-cli:/mnt/petrelfs/zhangdi1/miniforge3/envs/internvl/bin:/mnt/petrelfs/zhangdi1/miniforge3/condabin:/usr/local/bin:/usr/bin:/usr/local/sbin:/usr/sbin:/mnt/petrelfs/zhangdi1/.local/bin:/mnt/petrelfs/zhangdi1/bin:/mnt/petrelfs/zhangdi1/.local/bin:/mnt/petrelfs/zhangdi1/bin)
2024-06-30 09:19:56 | INFO | model_worker | args: Namespace(host='0.0.0.0', port=10062, worker_address='http://10.140.24.46:10062', controller_address='http://10.140.24.69:10050', model_path='/mnt/hwfile/ai4chem/CKPT/wxz/chemvl_2B_ft_6_27_0_merge', model_base=None, model_name='chemvlm_2B', device='auto', multi_modal=False, limit_model_concurrency=5, stream_interval=1, no_register=False, load_8bit=False, load_4bit=False)
2024-06-30 09:19:56 | INFO | model_worker | Loading the model chemvlm_2B on worker bdb752 ...
Special tokens have been added in the vocabulary, make sure the associated word embeddings are fine-tuned or trained.
2024-06-30 09:19:57 | INFO | internvl.model.internvl_chat.configuration_internvl_chat | vision_select_layer: -1
2024-06-30 09:19:57 | INFO | internvl.model.internvl_chat.configuration_internvl_chat | ps_version: v2
2024-06-30 09:19:57 | INFO | internvl.model.internvl_chat.configuration_internvl_chat | min_dynamic_patch: 1
2024-06-30 09:19:57 | INFO | internvl.model.internvl_chat.configuration_internvl_chat | max_dynamic_patch: 6
2024-06-30 09:19:57 | INFO | internvl.model.internvl_chat.modeling_internvl_chat | num_image_token: 49
2024-06-30 09:19:57 | INFO | internvl.model.internvl_chat.modeling_internvl_chat | ps_version: v2
2024-06-30 09:20:00 | ERROR | stderr | Loading checkpoint shards:   0%|          | 0/7 [00:00<?, ?it/s]
2024-06-30 09:20:13 | ERROR | stderr | Loading checkpoint shards:  14%|█▍        | 1/7 [00:13<01:18, 13.07s/it]
2024-06-30 09:20:27 | ERROR | stderr | Loading checkpoint shards:  29%|██▊       | 2/7 [00:26<01:05, 13.11s/it]
2024-06-30 09:20:40 | ERROR | stderr | Loading checkpoint shards:  43%|████▎     | 3/7 [00:39<00:52, 13.16s/it]
2024-06-30 09:20:51 | ERROR | stderr | Loading checkpoint shards:  57%|█████▋    | 4/7 [00:51<00:37, 12.57s/it]
2024-06-30 09:21:04 | ERROR | stderr | Loading checkpoint shards:  71%|███████▏  | 5/7 [01:03<00:25, 12.68s/it]
2024-06-30 09:21:19 | ERROR | stderr | Loading checkpoint shards:  86%|████████▌ | 6/7 [01:18<00:13, 13.35s/it]
2024-06-30 09:21:24 | ERROR | stderr | Loading checkpoint shards: 100%|██████████| 7/7 [01:23<00:00, 10.53s/it]
2024-06-30 09:21:24 | ERROR | stderr | Loading checkpoint shards: 100%|██████████| 7/7 [01:23<00:00, 11.91s/it]
2024-06-30 09:21:24 | ERROR | stderr | 
2024-06-30 09:21:24 | INFO | model_worker | Register to controller
2024-06-30 09:21:24 | ERROR | stderr | INFO:     Started server process [45990]
2024-06-30 09:21:24 | ERROR | stderr | INFO:     Waiting for application startup.
2024-06-30 09:21:24 | ERROR | stderr | INFO:     Application startup complete.
2024-06-30 09:21:24 | ERROR | stderr | INFO:     Uvicorn running on http://0.0.0.0:10062 (Press CTRL+C to quit)
2024-06-30 09:21:39 | INFO | model_worker | Send heart beat. Models: ['chemvlm_2B']. Semaphore: None. global_counter: 0
2024-06-30 09:21:54 | INFO | model_worker | Send heart beat. Models: ['chemvlm_2B']. Semaphore: None. global_counter: 0
2024-06-30 09:22:09 | INFO | model_worker | Send heart beat. Models: ['chemvlm_2B']. Semaphore: None. global_counter: 0
2024-06-30 09:22:24 | INFO | model_worker | Send heart beat. Models: ['chemvlm_2B']. Semaphore: None. global_counter: 0
2024-06-30 09:22:24 | INFO | model_worker | Register to controller
2024-06-30 09:22:39 | INFO | model_worker | Send heart beat. Models: ['chemvlm_2B']. Semaphore: None. global_counter: 0
2024-06-30 09:22:54 | INFO | model_worker | Send heart beat. Models: ['chemvlm_2B']. Semaphore: None. global_counter: 0
2024-06-30 09:22:54 | INFO | model_worker | Register to controller
2024-06-30 09:23:09 | INFO | model_worker | Send heart beat. Models: ['chemvlm_2B']. Semaphore: None. global_counter: 0
2024-06-30 09:23:09 | INFO | model_worker | Register to controller
2024-06-30 09:23:24 | INFO | model_worker | Send heart beat. Models: ['chemvlm_2B']. Semaphore: None. global_counter: 0
2024-06-30 09:23:39 | INFO | model_worker | Send heart beat. Models: ['chemvlm_2B']. Semaphore: None. global_counter: 0
2024-06-30 09:23:54 | INFO | model_worker | Send heart beat. Models: ['chemvlm_2B']. Semaphore: None. global_counter: 0
2024-06-30 09:24:09 | INFO | model_worker | Send heart beat. Models: ['chemvlm_2B']. Semaphore: None. global_counter: 0
2024-06-30 09:24:09 | INFO | model_worker | Register to controller
2024-06-30 09:24:15 | INFO | stdout | INFO:     10.1.80.133:60705 - "GET / HTTP/1.1" 404 Not Found
2024-06-30 09:24:24 | INFO | model_worker | Send heart beat. Models: ['chemvlm_2B']. Semaphore: None. global_counter: 0
2024-06-30 09:24:39 | INFO | model_worker | Send heart beat. Models: ['chemvlm_2B']. Semaphore: None. global_counter: 0
2024-06-30 09:24:54 | INFO | model_worker | Send heart beat. Models: ['chemvlm_2B']. Semaphore: None. global_counter: 0
2024-06-30 09:25:09 | INFO | model_worker | Send heart beat. Models: ['chemvlm_2B']. Semaphore: None. global_counter: 0
2024-06-30 09:25:24 | INFO | model_worker | Send heart beat. Models: ['chemvlm_2B']. Semaphore: None. global_counter: 0
2024-06-30 09:25:39 | INFO | model_worker | Send heart beat. Models: ['chemvlm_2B']. Semaphore: None. global_counter: 0
2024-06-30 09:25:54 | INFO | model_worker | Send heart beat. Models: ['chemvlm_2B']. Semaphore: None. global_counter: 0
2024-06-30 09:26:09 | INFO | model_worker | Send heart beat. Models: ['chemvlm_2B']. Semaphore: None. global_counter: 0
2024-06-30 09:26:24 | INFO | model_worker | Send heart beat. Models: ['chemvlm_2B']. Semaphore: None. global_counter: 0
2024-06-30 09:26:39 | INFO | model_worker | Send heart beat. Models: ['chemvlm_2B']. Semaphore: None. global_counter: 0
2024-06-30 09:26:54 | INFO | model_worker | Send heart beat. Models: ['chemvlm_2B']. Semaphore: None. global_counter: 0
2024-06-30 09:27:09 | INFO | model_worker | Send heart beat. Models: ['chemvlm_2B']. Semaphore: None. global_counter: 0
2024-06-30 09:27:24 | INFO | model_worker | Send heart beat. Models: ['chemvlm_2B']. Semaphore: None. global_counter: 0
2024-06-30 09:27:39 | INFO | model_worker | Send heart beat. Models: ['chemvlm_2B']. Semaphore: None. global_counter: 0
2024-06-30 09:27:54 | INFO | model_worker | Send heart beat. Models: ['chemvlm_2B']. Semaphore: None. global_counter: 0
2024-06-30 09:28:09 | INFO | model_worker | Send heart beat. Models: ['chemvlm_2B']. Semaphore: None. global_counter: 0
2024-06-30 09:28:24 | INFO | model_worker | Send heart beat. Models: ['chemvlm_2B']. Semaphore: None. global_counter: 0
2024-06-30 09:28:39 | INFO | model_worker | Send heart beat. Models: ['chemvlm_2B']. Semaphore: None. global_counter: 0
2024-06-30 09:28:54 | INFO | model_worker | Send heart beat. Models: ['chemvlm_2B']. Semaphore: None. global_counter: 0
slurmstepd: error: *** JOB 3627871 ON SH-IDC1-10-140-24-69 CANCELLED AT 2024-06-30T09:28:59 ***
2024-06-30 09:28:59 | ERROR | stderr | INFO:     Shutting down
