2024-06-05 14:30:18 | INFO | model_worker | args: Namespace(host='0.0.0.0', port=10018, worker_address='http://10.140.24.109:10018', controller_address='http://10.140.24.69:10010', model_path='/mnt/hwfile/ai4chem/CKPT/chemvl_ft_6_4_0', model_base=None, model_name='6.5', device='auto', multi_modal=False, limit_model_concurrency=5, stream_interval=1, no_register=False, load_8bit=False, load_4bit=False)
2024-06-05 14:30:18 | INFO | model_worker | Loading the model 6.5 on worker 8a2be7 ...
Special tokens have been added in the vocabulary, make sure the associated word embeddings are fine-tuned or trained.
2024-06-05 14:30:18 | INFO | internvl.model.internvl_chat.configuration_internvl_chat | vision_select_layer: -1
2024-06-05 14:30:18 | INFO | internvl.model.internvl_chat.configuration_internvl_chat | ps_version: v2
2024-06-05 14:30:18 | INFO | internvl.model.internvl_chat.configuration_internvl_chat | min_dynamic_patch: 1
2024-06-05 14:30:18 | INFO | internvl.model.internvl_chat.configuration_internvl_chat | max_dynamic_patch: 6
2024-06-05 14:30:18 | INFO | internvl.model.internvl_chat.modeling_internvl_chat | num_image_token: 256
2024-06-05 14:30:18 | INFO | internvl.model.internvl_chat.modeling_internvl_chat | ps_version: v2
2024-06-05 14:30:20 | INFO | stdout | trainable params: 36,864,000 || all params: 5,573,360,000 || trainable%: 0.6614
2024-06-05 14:30:20 | INFO | stdout | trainable params: 72,351,744 || all params: 19,933,612,032 || trainable%: 0.3630
2024-06-05 14:30:31 | ERROR | stderr | Loading checkpoint shards:   0%|          | 0/11 [00:00<?, ?it/s]
2024-06-05 14:30:47 | ERROR | stderr | Loading checkpoint shards:   9%|▉         | 1/11 [00:15<02:38, 15.89s/it]
2024-06-05 14:31:01 | ERROR | stderr | Loading checkpoint shards:  18%|█▊        | 2/11 [00:30<02:16, 15.15s/it]
2024-06-05 14:31:15 | ERROR | stderr | Loading checkpoint shards:  27%|██▋       | 3/11 [00:44<01:55, 14.41s/it]
2024-06-05 14:31:28 | ERROR | stderr | Loading checkpoint shards:  36%|███▋      | 4/11 [00:57<01:37, 14.00s/it]
2024-06-05 14:31:41 | ERROR | stderr | Loading checkpoint shards:  45%|████▌     | 5/11 [01:10<01:22, 13.68s/it]
2024-06-05 14:31:55 | ERROR | stderr | Loading checkpoint shards:  55%|█████▍    | 6/11 [01:23<01:07, 13.49s/it]
2024-06-05 14:32:08 | ERROR | stderr | Loading checkpoint shards:  64%|██████▎   | 7/11 [01:36<00:53, 13.33s/it]
2024-06-05 14:32:20 | ERROR | stderr | Loading checkpoint shards:  73%|███████▎  | 8/11 [01:49<00:39, 13.06s/it]
2024-06-05 14:32:36 | ERROR | stderr | Loading checkpoint shards:  82%|████████▏ | 9/11 [02:05<00:28, 14.06s/it]
2024-06-05 14:32:49 | ERROR | stderr | Loading checkpoint shards:  91%|█████████ | 10/11 [02:17<00:13, 13.54s/it]
2024-06-05 14:32:54 | ERROR | stderr | Loading checkpoint shards: 100%|██████████| 11/11 [02:23<00:00, 11.09s/it]
2024-06-05 14:32:54 | ERROR | stderr | Loading checkpoint shards: 100%|██████████| 11/11 [02:23<00:00, 13.03s/it]
2024-06-05 14:32:54 | ERROR | stderr | 
2024-06-05 14:32:55 | INFO | model_worker | Register to controller
2024-06-05 14:32:55 | ERROR | stderr | INFO:     Started server process [20250]
2024-06-05 14:32:55 | ERROR | stderr | INFO:     Waiting for application startup.
2024-06-05 14:32:55 | ERROR | stderr | INFO:     Application startup complete.
2024-06-05 14:32:55 | ERROR | stderr | ERROR:    [Errno 98] error while attempting to bind on address ('0.0.0.0', 10018): address already in use
2024-06-05 14:32:55 | ERROR | stderr | INFO:     Waiting for application shutdown.
2024-06-05 14:32:55 | ERROR | stderr | INFO:     Application shutdown complete.
2024-06-05 14:33:10 | INFO | model_worker | Send heart beat. Models: ['6.5']. Semaphore: None. global_counter: 0
2024-06-05 14:33:25 | INFO | model_worker | Send heart beat. Models: ['6.5']. Semaphore: None. global_counter: 0
2024-06-05 14:33:40 | INFO | model_worker | Send heart beat. Models: ['6.5']. Semaphore: None. global_counter: 0
2024-06-05 14:33:55 | INFO | model_worker | Send heart beat. Models: ['6.5']. Semaphore: None. global_counter: 0
slurmstepd: error: *** JOB 3528800 ON SH-IDC1-10-140-24-109 CANCELLED AT 2024-06-05T14:34:08 ***
